mode: set
github.com/jmbds/unbabel-backend-engineering-challenge/file.go:14.55,17.16 2 1
github.com/jmbds/unbabel-backend-engineering-challenge/file.go:17.16,19.3 1 0
github.com/jmbds/unbabel-backend-engineering-challenge/file.go:20.2,24.16 3 1
github.com/jmbds/unbabel-backend-engineering-challenge/file.go:24.16,26.3 1 0
github.com/jmbds/unbabel-backend-engineering-challenge/file.go:29.2,30.16 2 1
github.com/jmbds/unbabel-backend-engineering-challenge/file.go:30.16,32.3 1 0
github.com/jmbds/unbabel-backend-engineering-challenge/file.go:35.2,39.23 3 1
github.com/jmbds/unbabel-backend-engineering-challenge/main.go:14.13,15.30 1 0
github.com/jmbds/unbabel-backend-engineering-challenge/main.go:15.30,18.3 2 0
github.com/jmbds/unbabel-backend-engineering-challenge/main.go:22.18,37.16 7 1
github.com/jmbds/unbabel-backend-engineering-challenge/main.go:37.16,39.3 1 0
github.com/jmbds/unbabel-backend-engineering-challenge/main.go:42.2,43.16 2 1
github.com/jmbds/unbabel-backend-engineering-challenge/main.go:43.16,45.3 1 0
github.com/jmbds/unbabel-backend-engineering-challenge/main.go:48.2,49.16 2 1
github.com/jmbds/unbabel-backend-engineering-challenge/main.go:49.16,51.3 1 0
github.com/jmbds/unbabel-backend-engineering-challenge/main.go:54.2,55.16 2 1
github.com/jmbds/unbabel-backend-engineering-challenge/main.go:55.16,57.3 1 0
github.com/jmbds/unbabel-backend-engineering-challenge/main.go:60.2,60.50 1 1
github.com/jmbds/unbabel-backend-engineering-challenge/internal/statistics/statistics.go:24.49,26.19 1 1
github.com/jmbds/unbabel-backend-engineering-challenge/internal/statistics/statistics.go:26.19,28.3 1 1
github.com/jmbds/unbabel-backend-engineering-challenge/internal/statistics/statistics.go:31.2,31.37 1 1
github.com/jmbds/unbabel-backend-engineering-challenge/internal/statistics/statistics.go:42.88,44.26 1 1
github.com/jmbds/unbabel-backend-engineering-challenge/internal/statistics/statistics.go:44.26,46.3 1 1
github.com/jmbds/unbabel-backend-engineering-challenge/internal/statistics/statistics.go:49.2,61.39 5 1
github.com/jmbds/unbabel-backend-engineering-challenge/internal/statistics/statistics.go:61.39,70.30 2 1
github.com/jmbds/unbabel-backend-engineering-challenge/internal/statistics/statistics.go:70.30,72.4 1 1
github.com/jmbds/unbabel-backend-engineering-challenge/internal/statistics/statistics.go:72.9,74.4 1 1
github.com/jmbds/unbabel-backend-engineering-challenge/internal/statistics/statistics.go:80.3,84.67 3 1
github.com/jmbds/unbabel-backend-engineering-challenge/internal/statistics/statistics.go:87.2,87.27 1 1
github.com/jmbds/unbabel-backend-engineering-challenge/internal/events/events.go:32.112,35.16 2 1
github.com/jmbds/unbabel-backend-engineering-challenge/internal/events/events.go:35.16,37.3 1 1
github.com/jmbds/unbabel-backend-engineering-challenge/internal/events/events.go:40.2,46.31 3 1
github.com/jmbds/unbabel-backend-engineering-challenge/internal/events/events.go:46.31,48.17 2 1
github.com/jmbds/unbabel-backend-engineering-challenge/internal/events/events.go:48.17,50.4 1 1
github.com/jmbds/unbabel-backend-engineering-challenge/internal/events/events.go:53.3,62.4 3 1
github.com/jmbds/unbabel-backend-engineering-challenge/internal/events/events.go:64.2,64.21 1 1
github.com/jmbds/unbabel-backend-engineering-challenge/internal/events/events.go:73.113,76.19 2 1
github.com/jmbds/unbabel-backend-engineering-challenge/internal/events/events.go:76.19,78.3 1 1
github.com/jmbds/unbabel-backend-engineering-challenge/internal/events/events.go:81.2,85.16 3 1
github.com/jmbds/unbabel-backend-engineering-challenge/internal/events/events.go:85.16,87.3 1 1
github.com/jmbds/unbabel-backend-engineering-challenge/internal/events/events.go:89.2,93.16 3 1
github.com/jmbds/unbabel-backend-engineering-challenge/internal/events/events.go:93.16,95.3 1 1
github.com/jmbds/unbabel-backend-engineering-challenge/internal/events/events.go:97.2,100.56 2 1
github.com/jmbds/unbabel-backend-engineering-challenge/internal/events/events.go:106.86,108.2 1 1
github.com/jmbds/unbabel-backend-engineering-challenge/internal/events/io.go:18.88,21.16 2 1
github.com/jmbds/unbabel-backend-engineering-challenge/internal/events/io.go:21.16,23.3 1 1
github.com/jmbds/unbabel-backend-engineering-challenge/internal/events/io.go:25.2,34.21 4 1
github.com/jmbds/unbabel-backend-engineering-challenge/internal/events/io.go:34.21,40.17 3 1
github.com/jmbds/unbabel-backend-engineering-challenge/internal/events/io.go:40.17,42.4 1 1
github.com/jmbds/unbabel-backend-engineering-challenge/internal/events/io.go:45.3,45.33 1 1
github.com/jmbds/unbabel-backend-engineering-challenge/internal/events/io.go:48.2,48.20 1 1
github.com/jmbds/unbabel-backend-engineering-challenge/internal/events/io.go:57.111,60.16 2 1
github.com/jmbds/unbabel-backend-engineering-challenge/internal/events/io.go:60.16,62.3 1 1
github.com/jmbds/unbabel-backend-engineering-challenge/internal/events/io.go:64.2,67.34 3 1
github.com/jmbds/unbabel-backend-engineering-challenge/internal/events/io.go:67.34,76.3 3 1
github.com/jmbds/unbabel-backend-engineering-challenge/internal/events/io.go:78.2,78.26 1 1
